<?xml version="1.0" encoding="UTF-8"?>
<!-- Generated by org.testng.reporters.JUnitReportReporter -->
<testsuite hostname="IBM-GBQ8QM3" failures="0" tests="3" name="Assignment.prj" time="3.858" errors="0" timestamp="2022-07-01T15:50:43 IST" skipped="0">
  <testcase classname="Assignment.prj" name="testcase7" time="0.047"/>
  <system-out/>
  <testcase classname="Assignment.prj" name="testcase7" time="0.111"/>
  <system-out/>
  <testcase classname="Assignment.prj" name="testcase6" time="3.700"/>
  <system-out/>
</testsuite> <!-- Assignment.prj -->
