<?xml version="1.0" encoding="UTF-8"?>
<!-- Generated by org.testng.reporters.JUnitReportReporter -->
<testsuite hostname="IBM-GBQ8QM3" failures="0" tests="7" name="API_project.project" time="14.763" errors="0" timestamp="2022-07-01T17:04:14 IST" skipped="0">
  <testcase classname="API_project.project" name="PostUser" time="1.437"/>
  <system-out/>
  <testcase classname="API_project.project" name="PostUser" time="3.401"/>
  <system-out/>
  <testcase classname="API_project.project" name="GetUser" time="2.930"/>
  <system-out/>
  <testcase classname="API_project.project" name="LoginUser" time="1.438"/>
  <system-out/>
  <testcase classname="API_project.project" name="LoginUser" time="1.362"/>
  <system-out/>
  <testcase classname="API_project.project" name="PutUser" time="1.433"/>
  <system-out/>
  <testcase classname="API_project.project" name="DeleteUser" time="2.762"/>
  <system-out/>
</testsuite> <!-- API_project.project -->
