<?xml version="1.0" encoding="UTF-8"?>
<!-- Generated by org.testng.reporters.JUnitReportReporter -->
<testsuite hostname="IBM-GBQ8QM3" failures="0" tests="1" name="RestAPI.Api_Project.testcase" time="0.008" errors="0" timestamp="2022-06-30T15:42:28 IST" skipped="0">
  <testcase classname="RestAPI.Api_Project.testcase" name="testcase1" time="0.008"/>
  <system-out/>
</testsuite> <!-- RestAPI.Api_Project.testcase -->
