<?xml version="1.0" encoding="UTF-8"?>
<!-- Generated by org.testng.reporters.JUnitReportReporter -->
<testsuite hostname="IBM-GBQ8QM3" failures="0" tests="7" name="RestAPI.API" time="1.709" errors="0" timestamp="2022-07-01T13:00:29 IST" skipped="5">
  <testcase classname="RestAPI.API" name="testcase7" time="0.058"/>
  <system-out/>
  <testcase classname="RestAPI.API" name="testcase7" time="1.651"/>
  <system-out/>
  <testcase classname="RestAPI.API" name="testcase4">
    <skipped/>
  </testcase> <!-- testcase4 -->
  <system-out/>
  <testcase classname="RestAPI.API" name="get">
    <skipped/>
  </testcase> <!-- get -->
  <system-out/>
  <testcase classname="RestAPI.API" name="Delete">
    <skipped/>
  </testcase> <!-- Delete -->
  <system-out/>
  <testcase classname="RestAPI.API" name="testcase5">
    <skipped/>
  </testcase> <!-- testcase5 -->
  <system-out/>
  <testcase classname="RestAPI.API" name="given_then">
    <skipped/>
  </testcase> <!-- given_then -->
  <system-out/>
</testsuite> <!-- RestAPI.API -->
